INFO [main] o.h.j.i.u.LogHelper [LogHelper.java:31] HHH000204: Processing PersistenceUnitInfo [
	name: com.prometheus.jpa_Hibernate_ORM_2
	...]
INFO [main] o.h.Version [Version.java:46] HHH000412: Hibernate Core {5.4.0.Final}
INFO [main] o.h.c.Environment [Environment.java:199] HHH000206: hibernate.properties not found
INFO [main] o.h.a.c.Version [JavaReflectionManager.java:49] HCANN000001: Hibernate Commons Annotations {5.1.0.Final}
WARN [main] o.h.o.c.pooling [DriverManagerConnectionProviderImpl.java:72] HHH10001002: Using Hibernate built-in connection pool (not for production use!)
INFO [main] o.h.o.c.pooling [DriverManagerConnectionProviderImpl.java:115] HHH10001005: using driver [com.mysql.cj.jdbc.Driver] at URL [jdbc:mysql://localhost:3306/jpa?serverTimezone=GMT]
INFO [main] o.h.o.c.pooling [DriverManagerConnectionProviderImpl.java:124] HHH10001001: Connection properties: {password=****, user=root}
INFO [main] o.h.o.c.pooling [DriverManagerConnectionProviderImpl.java:129] HHH10001003: Autocommit mode: false
INFO [main] o.h.e.j.c.i.DriverManagerConnectionProviderImpl [DriverManagerConnectionProviderImpl.java:239] HHH000115: Hibernate connection pool size: 20 (min=1)
INFO [main] o.h.d.Dialect [Dialect.java:158] HHH000400: Using dialect: org.hibernate.dialect.MySQL8Dialect
INFO [main] o.h.e.t.j.p.i.JtaPlatformInitiator [JtaPlatformInitiator.java:52] HHH000490: Using JtaPlatform implementation: [org.hibernate.engine.transaction.jta.platform.internal.NoJtaPlatform]
DEBUG [main] c.p.e.Message [Message.java:44] som v konstruktore Message
INFO [main] o.h.j.i.u.LogHelper [LogHelper.java:31] HHH000204: Processing PersistenceUnitInfo [
	name: com.prometheus.jpa_Hibernate_ORM_2
	...]
INFO [main] o.h.Version [Version.java:46] HHH000412: Hibernate Core {5.4.0.Final}
INFO [main] o.h.c.Environment [Environment.java:199] HHH000206: hibernate.properties not found
INFO [main] o.h.a.c.Version [JavaReflectionManager.java:49] HCANN000001: Hibernate Commons Annotations {5.1.0.Final}
WARN [main] o.h.o.c.pooling [DriverManagerConnectionProviderImpl.java:72] HHH10001002: Using Hibernate built-in connection pool (not for production use!)
INFO [main] o.h.o.c.pooling [DriverManagerConnectionProviderImpl.java:115] HHH10001005: using driver [com.mysql.cj.jdbc.Driver] at URL [jdbc:mysql://localhost:3306/jpa?serverTimezone=GMT]
INFO [main] o.h.o.c.pooling [DriverManagerConnectionProviderImpl.java:124] HHH10001001: Connection properties: {password=****, user=root}
INFO [main] o.h.o.c.pooling [DriverManagerConnectionProviderImpl.java:129] HHH10001003: Autocommit mode: false
INFO [main] o.h.e.j.c.i.DriverManagerConnectionProviderImpl [DriverManagerConnectionProviderImpl.java:239] HHH000115: Hibernate connection pool size: 20 (min=1)
INFO [main] o.h.d.Dialect [Dialect.java:158] HHH000400: Using dialect: org.hibernate.dialect.MySQL8Dialect
INFO [main] o.h.e.t.j.p.i.JtaPlatformInitiator [JtaPlatformInitiator.java:52] HHH000490: Using JtaPlatform implementation: [org.hibernate.engine.transaction.jta.platform.internal.NoJtaPlatform]
DEBUG [main] c.p.e.Message [Message.java:44] som v konstruktore Message
DEBUG [main] c.p.e.Message [Message.java:44] som v konstruktore Message
WARN [main] c.p.e.Message [Message.java:45] warning z konstruktoru v message
WARN [main] c.p.e.Message [Message.java:45] warning z konstruktoru v message
INFO [main] o.h.j.i.u.LogHelper [LogHelper.java:31] HHH000204: Processing PersistenceUnitInfo [
	name: com.prometheus.jpa_Hibernate_ORM_2
	...]
INFO [main] o.h.Version [Version.java:46] HHH000412: Hibernate Core {5.4.0.Final}
INFO [main] o.h.c.Environment [Environment.java:199] HHH000206: hibernate.properties not found
INFO [main] o.h.a.c.Version [JavaReflectionManager.java:49] HCANN000001: Hibernate Commons Annotations {5.1.0.Final}
WARN [main] o.h.o.c.pooling [DriverManagerConnectionProviderImpl.java:72] HHH10001002: Using Hibernate built-in connection pool (not for production use!)
INFO [main] o.h.o.c.pooling [DriverManagerConnectionProviderImpl.java:115] HHH10001005: using driver [com.mysql.cj.jdbc.Driver] at URL [jdbc:mysql://localhost:3306/jpa?serverTimezone=GMT]
INFO [main] o.h.o.c.pooling [DriverManagerConnectionProviderImpl.java:124] HHH10001001: Connection properties: {password=****, user=root}
INFO [main] o.h.o.c.pooling [DriverManagerConnectionProviderImpl.java:129] HHH10001003: Autocommit mode: false
INFO [main] o.h.e.j.c.i.DriverManagerConnectionProviderImpl [DriverManagerConnectionProviderImpl.java:239] HHH000115: Hibernate connection pool size: 20 (min=1)
INFO [main] o.h.d.Dialect [Dialect.java:158] HHH000400: Using dialect: org.hibernate.dialect.MySQL8Dialect
INFO [main] o.h.e.t.j.p.i.JtaPlatformInitiator [JtaPlatformInitiator.java:52] HHH000490: Using JtaPlatform implementation: [org.hibernate.engine.transaction.jta.platform.internal.NoJtaPlatform]
